0 info it worked if it ends with ok
1 verbose cli [ '/usr/bin/node',
1 verbose cli   '/usr/bin/npm',
1 verbose cli   'install',
1 verbose cli   '--g',
1 verbose cli   'generator-webapp-uncss' ]
2 info using npm@1.4.28
3 info using node@v0.10.32
4 verbose node symlink /usr/bin/node
5 verbose cache add [ 'generator-webapp-uncss', null ]
6 verbose cache add name=undefined spec="generator-webapp-uncss" args=["generator-webapp-uncss",null]
7 verbose parsed url { protocol: null,
7 verbose parsed url   slashes: null,
7 verbose parsed url   auth: null,
7 verbose parsed url   host: null,
7 verbose parsed url   port: null,
7 verbose parsed url   hostname: null,
7 verbose parsed url   hash: null,
7 verbose parsed url   search: null,
7 verbose parsed url   query: null,
7 verbose parsed url   pathname: 'generator-webapp-uncss',
7 verbose parsed url   path: 'generator-webapp-uncss',
7 verbose parsed url   href: 'generator-webapp-uncss' }
8 silly lockFile cc419d87-generator-webapp-uncss generator-webapp-uncss
9 verbose lock generator-webapp-uncss /home/luciano/.npm/cc419d87-generator-webapp-uncss.lock
10 silly lockFile cc419d87-generator-webapp-uncss generator-webapp-uncss
11 silly lockFile cc419d87-generator-webapp-uncss generator-webapp-uncss
12 verbose addNamed [ 'generator-webapp-uncss', '' ]
13 verbose addNamed [ null, '*' ]
14 silly lockFile 4256e821-generator-webapp-uncss generator-webapp-uncss@
15 verbose lock generator-webapp-uncss@ /home/luciano/.npm/4256e821-generator-webapp-uncss.lock
16 silly addNameRange { name: 'generator-webapp-uncss', range: '*', hasData: false }
17 verbose request where is /generator-webapp-uncss
18 verbose request registry https://registry.npmjs.org/
19 verbose request id 5093d226350bff57
20 verbose url raw /generator-webapp-uncss
21 verbose url resolving [ 'https://registry.npmjs.org/', './generator-webapp-uncss' ]
22 verbose url resolved https://registry.npmjs.org/generator-webapp-uncss
23 verbose request where is https://registry.npmjs.org/generator-webapp-uncss
24 info trying registry request attempt 1 at 15:44:08
25 http GET https://registry.npmjs.org/generator-webapp-uncss
26 http 200 https://registry.npmjs.org/generator-webapp-uncss
27 silly registry.get cb [ 200,
27 silly registry.get   { date: 'Tue, 07 Oct 2014 18:44:09 GMT',
27 silly registry.get     server: 'CouchDB/1.5.0 (Erlang OTP/R16B03)',
27 silly registry.get     etag: '"AL7GJ0G5TI79Z8GTXEJ7KOB85"',
27 silly registry.get     'content-type': 'application/json',
27 silly registry.get     'cache-control': 'max-age=60',
27 silly registry.get     'content-length': '6026',
27 silly registry.get     'accept-ranges': 'bytes',
27 silly registry.get     via: '1.1 varnish',
27 silly registry.get     age: '0',
27 silly registry.get     'x-served-by': 'cache-atl6235-ATL',
27 silly registry.get     'x-cache': 'MISS',
27 silly registry.get     'x-cache-hits': '0',
27 silly registry.get     'x-timer': 'S1412707449.153303,VS0,VE314',
27 silly registry.get     vary: 'Accept',
27 silly registry.get     'keep-alive': 'timeout=10, max=50',
27 silly registry.get     connection: 'Keep-Alive' } ]
28 silly addNameRange number 2 { name: 'generator-webapp-uncss', range: '*', hasData: true }
29 silly addNameRange versions [ 'generator-webapp-uncss', [ '0.1.0' ] ]
30 verbose addNamed [ 'generator-webapp-uncss', '0.1.0' ]
31 verbose addNamed [ '0.1.0', '0.1.0' ]
32 silly lockFile c16556e5-generator-webapp-uncss-0-1-0 generator-webapp-uncss@0.1.0
33 verbose lock generator-webapp-uncss@0.1.0 /home/luciano/.npm/c16556e5-generator-webapp-uncss-0-1-0.lock
34 silly lockFile b9a5587f-generator-webapp-uncss-0-1-0-tgz https://registry.npmjs.org/generator-webapp-uncss/-/generator-webapp-uncss-0.1.0.tgz
35 verbose lock https://registry.npmjs.org/generator-webapp-uncss/-/generator-webapp-uncss-0.1.0.tgz /home/luciano/.npm/b9a5587f-generator-webapp-uncss-0-1-0-tgz.lock
36 verbose addRemoteTarball [ 'https://registry.npmjs.org/generator-webapp-uncss/-/generator-webapp-uncss-0.1.0.tgz',
36 verbose addRemoteTarball   '78bda3112c19e2d80f08c50ce7b7817be5bec6f2' ]
37 info retry fetch attempt 1 at 15:44:09
38 verbose fetch to= /tmp/npm-9323-KAdYqdgo/registry.npmjs.org/generator-webapp-uncss/-/generator-webapp-uncss-0.1.0.tgz
39 http GET https://registry.npmjs.org/generator-webapp-uncss/-/generator-webapp-uncss-0.1.0.tgz
40 http 200 https://registry.npmjs.org/generator-webapp-uncss/-/generator-webapp-uncss-0.1.0.tgz
41 silly lockFile b9a5587f-generator-webapp-uncss-0-1-0-tgz https://registry.npmjs.org/generator-webapp-uncss/-/generator-webapp-uncss-0.1.0.tgz
42 silly lockFile b9a5587f-generator-webapp-uncss-0-1-0-tgz https://registry.npmjs.org/generator-webapp-uncss/-/generator-webapp-uncss-0.1.0.tgz
43 silly lockFile c16556e5-generator-webapp-uncss-0-1-0 generator-webapp-uncss@0.1.0
44 silly lockFile c16556e5-generator-webapp-uncss-0-1-0 generator-webapp-uncss@0.1.0
45 silly lockFile 4256e821-generator-webapp-uncss generator-webapp-uncss@
46 silly lockFile 4256e821-generator-webapp-uncss generator-webapp-uncss@
47 silly resolved [ { name: 'generator-webapp-uncss',
47 silly resolved     version: '0.1.0',
47 silly resolved     description: 'Scaffold out a front-end web app',
47 silly resolved     license: 'BSD',
47 silly resolved     repository:
47 silly resolved      { type: 'git',
47 silly resolved        url: 'https://github.com/addyosmani/generator-webapp-uncss' },
47 silly resolved     author: { name: 'The Yeoman Team' },
47 silly resolved     main: 'app/index.js',
47 silly resolved     engines: { node: '>=0.10.0', npm: '>=1.2.10' },
47 silly resolved     scripts: { test: 'mocha --reporter spec' },
47 silly resolved     files: [ 'app' ],
47 silly resolved     keywords:
47 silly resolved      [ 'yeoman-generator',
47 silly resolved        'web',
47 silly resolved        'app',
47 silly resolved        'front-end',
47 silly resolved        'h5bp',
47 silly resolved        'modernizr',
47 silly resolved        'jquery',
47 silly resolved        'grunt' ],
47 silly resolved     dependencies:
47 silly resolved      { chalk: '^0.5.1',
47 silly resolved        cheerio: '^0.17.0',
47 silly resolved        'yeoman-generator': '~0.17.3',
47 silly resolved        yosay: '~1.0.0' },
47 silly resolved     devDependencies: { mocha: '*', underscore: '^1.6.0' },
47 silly resolved     peerDependencies: { yo: '>=1.2.0', 'generator-mocha': '>=0.1.0' },
47 silly resolved     gitHead: 'a14e0b7ad799da30855f84d10760dcff2e0bcbe2',
47 silly resolved     bugs: { url: 'https://github.com/addyosmani/generator-webapp-uncss/issues' },
47 silly resolved     homepage: 'https://github.com/addyosmani/generator-webapp-uncss',
47 silly resolved     _id: 'generator-webapp-uncss@0.1.0',
47 silly resolved     _shasum: '78bda3112c19e2d80f08c50ce7b7817be5bec6f2',
47 silly resolved     _from: 'generator-webapp-uncss@',
47 silly resolved     _npmVersion: '1.4.24',
47 silly resolved     _npmUser: { name: 'addyosmani', email: 'addyosmani@gmail.com' },
47 silly resolved     maintainers: [ [Object] ],
47 silly resolved     dist:
47 silly resolved      { shasum: '78bda3112c19e2d80f08c50ce7b7817be5bec6f2',
47 silly resolved        tarball: 'http://registry.npmjs.org/generator-webapp-uncss/-/generator-webapp-uncss-0.1.0.tgz' },
47 silly resolved     directories: {},
47 silly resolved     _resolved: 'https://registry.npmjs.org/generator-webapp-uncss/-/generator-webapp-uncss-0.1.0.tgz' } ]
48 info install generator-webapp-uncss@0.1.0 into /usr/lib
49 info installOne generator-webapp-uncss@0.1.0
50 verbose lib/node_modules/generator-webapp-uncss unbuild
51 verbose tar unpack /home/luciano/.npm/generator-webapp-uncss/0.1.0/package.tgz
52 silly lockFile c86e7114-e-modules-generator-webapp-uncss tar:///usr/lib/node_modules/generator-webapp-uncss
53 verbose lock tar:///usr/lib/node_modules/generator-webapp-uncss /home/luciano/.npm/c86e7114-e-modules-generator-webapp-uncss.lock
54 silly lockFile ad005f76-r-webapp-uncss-0-1-0-package-tgz tar:///home/luciano/.npm/generator-webapp-uncss/0.1.0/package.tgz
55 verbose lock tar:///home/luciano/.npm/generator-webapp-uncss/0.1.0/package.tgz /home/luciano/.npm/ad005f76-r-webapp-uncss-0-1-0-package-tgz.lock
56 silly gunzTarPerm modes [ '775', '664' ]
57 error Error: EACCES, mkdir '/usr/lib/node_modules/generator-webapp-uncss'
57 error  { [Error: EACCES, mkdir '/usr/lib/node_modules/generator-webapp-uncss']
57 error   errno: 3,
57 error   code: 'EACCES',
57 error   path: '/usr/lib/node_modules/generator-webapp-uncss',
57 error   fstream_type: 'Directory',
57 error   fstream_path: '/usr/lib/node_modules/generator-webapp-uncss',
57 error   fstream_class: 'DirWriter',
57 error   fstream_stack:
57 error    [ '/usr/lib/node_modules/npm/node_modules/fstream/lib/dir-writer.js:36:23',
57 error      '/usr/lib/node_modules/npm/node_modules/mkdirp/index.js:46:53',
57 error      'Object.oncomplete (fs.js:107:15)' ] }
58 error Please try running this command again as root/Administrator.
59 error System Linux 3.13.0-36-generic
60 error command "/usr/bin/node" "/usr/bin/npm" "install" "--g" "generator-webapp-uncss"
61 error cwd /home/luciano/luciano-dev
62 error node -v v0.10.32
63 error npm -v 1.4.28
64 error path /usr/lib/node_modules/generator-webapp-uncss
65 error fstream_path /usr/lib/node_modules/generator-webapp-uncss
66 error fstream_type Directory
67 error fstream_class DirWriter
68 error code EACCES
69 error errno 3
70 error stack Error: EACCES, mkdir '/usr/lib/node_modules/generator-webapp-uncss'
71 error fstream_stack /usr/lib/node_modules/npm/node_modules/fstream/lib/dir-writer.js:36:23
71 error fstream_stack /usr/lib/node_modules/npm/node_modules/mkdirp/index.js:46:53
71 error fstream_stack Object.oncomplete (fs.js:107:15)
72 verbose exit [ 3, true ]
